<?xml version="1.0" encoding="UTF-8"?>
<!-- Generated by org.testng.reporters.JUnitXMLReporter -->
<testsuite hostname="DESKTOP-3J251JV" failures="0" tests="4" name="Test" time="25.251" errors="0" timestamp="1 Jan 2024 10:00:07 GMT">
  <testcase classname="testngexamples.Exp_Testng" name="login" time="0.014"/>
  <testcase classname="testngexamples.Exp_Testng" name="logout" time="0.002"/>
  <testcase classname="com.hrms.testscripts.TC001" name="tc001" time="7.246"/>
  <testcase classname="com.hrms.testscripts.TC002" name="tc002" time="17.966"/>
</testsuite> <!-- Test -->
